YC,SBA2,4.43506,115.7456,1019.0,3ESP
YC,SBA3,4.57347,116.2766,189.0,6TD
YC,SBA4,4.45879,116.58977,216.0,3ESP
YC,SBA5,4.42271,116.85881,426.0,6TD
YC,SBA6,4.51025,117.30176,88.0,3ESP
YC,SBA7,4.44587,117.71442,35.0,6TD
YC,SBA8,4.43208,118.09522,156.0,3ESP
YC,SBA9,4.43637,118.53992,21.0,6TD
YC,SBB2,4.79788,115.69913,997.0,6TD
YC,SBB3,4.9564,116.14096,394.0,3ESP
YC,SBB4,4.81717,116.50497,465.0,6TD
YC,SBB5,4.73101,116.88574,1050.0,6TD
YC,SBB5a,4.7374,116.97997,230.0,3ESP
YC,SBB6,4.83194,117.35575,234.0,6TD
YC,SBB7,4.96355,117.80282,197.0,3ESP
YC,SBB8,4.85014,118.12941,10.0,6TD
YC,SBC1,5.28108,115.17476,30.0,6TD
YC,SBC2,5.2488,115.69165,6.0,3ESP
YC,SBC3,5.2554,116.09856,278.0,6TD
YC,SBC4,5.27107,116.51573,381.0,3ESP
YC,SBC5,5.28637,116.88076,83.0,6TD
YC,SBC6,5.29518,117.27165,81.0,3ESP
YC,SBC7,5.32075,117.69134,48.0,6TD
YC,SBC8,5.32373,118.04523,25.0,3ESP
YC,SBC9,5.19098,118.9461,74.0,3ESP
YC,SBD1,5.60898,115.6083,91.0,6TD
YC,SBD2,5.67735,116.0396,4.0,3ESP
YC,SBD3,5.63900,116.46225,715.0,6TD
YC,SBD4,5.66416,116.87691,300.0,3ESP
YC,SBD5,5.65637,117.27355,116.0,6TD
YC,SBD6,5.6875,117.65900,32.0,3ESP
YC,SBD7,5.64967,118.12955,10.0,6TD
YC,SBD8,5.50699,118.56041,10.0,6TD
YC,SBE1,6.20282,115.59638,8.0,6TD
YC,SBE2,6.04611,116.49462,965.0,6TD
YC,SBE3,6.06708,116.83097,325.0,6TD
YC,SBE4,6.05975,117.30715,32.0,3ESP
YC,SBE5,5.93328,118.01012,2.0,6TD
YC,SBF1,6.45216,116.49845,12.0,6TD
YC,SBF2,6.47376,116.89069,396.0,3ESP
YC,SBF3,6.44177,117.31431,26.0,6TD
YC,SBF4,6.37312,117.62083,20.0,6TD
YC,SBG1,6.7095,116.35092,18.0,6TD
YC,SBG2,6.83352,116.76262,12.0,6TD
YC,SBG3,6.8317,117.15904,22.0,3ESP
YC,KINA,6.058263,116.565995,3261.0,6TD
