MY,DVM,4.9804,117.8442
MY,TNM,5.168633,115.960183
MY,LAM,1.17,111.8
MY,MUM,2.6456,114.37
MY,FSM,5.0855,119.0627
MY,KAM,6.0745,116.4583
MY,KDM,6.9167,116.8333
MY,KIM,5.5868,117.845
MY,KKM,6.0443,116.2147
MY,KNM,4.7026,118.203
MY,KPM,6.0226,116.5454
MY,LDM,5.1777,118.498
MY,MTM,5.7893,116.8166
MY,PRM,6.0455,116.7034
MY,PTM,6.7053,117.0283
MY,RAM,5.9546,116.681
MY,SDM,5.6409,117.195
MY,SGM,5.0912,118.2446
MY,SMM,4.4405,118.622
MY,SPM,4.7083,116.465
MY,SRM,6.2926,116.7083
MY,SYM,6.2058,116.5559
MY,TLM,5.7391,117.385
MY,TPM,6.1427,116.2596
MY,TSM,4.2936,117.8725
MY,WRM,6.3227,116.4783
MY,KSM,1.4733,110.308296
MY,SBM,2.4529,112.213997
